0 info it worked if it ends with ok
1 verbose cli [ '/usr/local/bin/node',
1 verbose cli   '/usr/local/bin/npm',
1 verbose cli   'install',
1 verbose cli   'execsyncs' ]
2 info using npm@3.10.3
3 info using node@v6.3.1
4 silly loadCurrentTree Starting
5 silly install loadCurrentTree
6 silly install readLocalPackageData
7 silly fetchPackageMetaData execsyncs
8 silly fetchNamedPackageData execsyncs
9 silly mapToRegistry name execsyncs
10 silly mapToRegistry using default registry
11 silly mapToRegistry registry https://registry.npmjs.org/
12 silly mapToRegistry data Result {
12 silly mapToRegistry   raw: 'execsyncs',
12 silly mapToRegistry   scope: null,
12 silly mapToRegistry   escapedName: 'execsyncs',
12 silly mapToRegistry   name: 'execsyncs',
12 silly mapToRegistry   rawSpec: '',
12 silly mapToRegistry   spec: 'latest',
12 silly mapToRegistry   type: 'tag' }
13 silly mapToRegistry uri https://registry.npmjs.org/execsyncs
14 verbose request uri https://registry.npmjs.org/execsyncs
15 verbose request no auth needed
16 info attempt registry request try #1 at 00:29:21
17 verbose request id 4e62aa65ff980c8e
18 http request GET https://registry.npmjs.org/execsyncs
19 http 200 https://registry.npmjs.org/execsyncs
20 verbose headers { server: 'CouchDB/1.6.1 (Erlang OTP/R16B03)',
20 verbose headers   etag: '"DPZH4KOAUR4E7MC373S1O4QL2"',
20 verbose headers   'content-type': 'application/json',
20 verbose headers   'content-encoding': 'gzip',
20 verbose headers   'cache-control': 'max-age=300',
20 verbose headers   'content-length': '1155',
20 verbose headers   'accept-ranges': 'bytes',
20 verbose headers   date: 'Tue, 25 Oct 2016 15:29:22 GMT',
20 verbose headers   via: '1.1 varnish',
20 verbose headers   age: '0',
20 verbose headers   connection: 'keep-alive',
20 verbose headers   'x-served-by': 'cache-nrt6132-NRT',
20 verbose headers   'x-cache': 'MISS',
20 verbose headers   'x-cache-hits': '0',
20 verbose headers   'x-timer': 'S1477409361.947023,VS0,VE187',
20 verbose headers   vary: 'Accept-Encoding' }
21 silly get cb [ 200,
21 silly get   { server: 'CouchDB/1.6.1 (Erlang OTP/R16B03)',
21 silly get     etag: '"DPZH4KOAUR4E7MC373S1O4QL2"',
21 silly get     'content-type': 'application/json',
21 silly get     'content-encoding': 'gzip',
21 silly get     'cache-control': 'max-age=300',
21 silly get     'content-length': '1155',
21 silly get     'accept-ranges': 'bytes',
21 silly get     date: 'Tue, 25 Oct 2016 15:29:22 GMT',
21 silly get     via: '1.1 varnish',
21 silly get     age: '0',
21 silly get     connection: 'keep-alive',
21 silly get     'x-served-by': 'cache-nrt6132-NRT',
21 silly get     'x-cache': 'MISS',
21 silly get     'x-cache-hits': '0',
21 silly get     'x-timer': 'S1477409361.947023,VS0,VE187',
21 silly get     vary: 'Accept-Encoding' } ]
22 verbose get saving execsyncs to /Users/suzukiryoma/.npm/registry.npmjs.org/execsyncs/.cache.json
23 verbose correctMkdir /Users/suzukiryoma/.npm correctMkdir not in flight; initializing
24 silly install normalizeTree
25 silly loadCurrentTree Finishing
26 silly loadIdealTree Starting
27 silly install loadIdealTree
28 silly cloneCurrentTree Starting
29 silly install cloneCurrentTreeToIdealTree
30 silly cloneCurrentTree Finishing
31 silly loadShrinkwrap Starting
32 silly install loadShrinkwrap
33 silly loadShrinkwrap Finishing
34 silly loadAllDepsIntoIdealTree Starting
35 silly install loadAllDepsIntoIdealTree
36 silly resolveWithNewModule execsyncs@0.1.1 checking installable status
37 silly cache add args [ 'execsyncs', null ]
38 verbose cache add spec execsyncs
39 silly cache add parsed spec Result {
39 silly cache add   raw: 'execsyncs',
39 silly cache add   scope: null,
39 silly cache add   escapedName: 'execsyncs',
39 silly cache add   name: 'execsyncs',
39 silly cache add   rawSpec: '',
39 silly cache add   spec: 'latest',
39 silly cache add   type: 'tag' }
40 silly addNamed execsyncs@latest
41 verbose addNamed "latest" is being treated as a dist-tag for execsyncs
42 info addNameTag [ 'execsyncs', 'latest' ]
43 silly mapToRegistry name execsyncs
44 silly mapToRegistry using default registry
45 silly mapToRegistry registry https://registry.npmjs.org/
46 silly mapToRegistry data Result {
46 silly mapToRegistry   raw: 'execsyncs',
46 silly mapToRegistry   scope: null,
46 silly mapToRegistry   escapedName: 'execsyncs',
46 silly mapToRegistry   name: 'execsyncs',
46 silly mapToRegistry   rawSpec: '',
46 silly mapToRegistry   spec: 'latest',
46 silly mapToRegistry   type: 'tag' }
47 silly mapToRegistry uri https://registry.npmjs.org/execsyncs
48 verbose addNameTag registry:https://registry.npmjs.org/execsyncs not in flight; fetching
49 verbose get https://registry.npmjs.org/execsyncs not expired, no request
50 silly addNameTag next cb for execsyncs with tag latest
51 silly addNamed execsyncs@0.1.1
52 verbose addNamed "0.1.1" is a plain semver version for execsyncs
53 silly mapToRegistry name execsyncs
54 silly mapToRegistry using default registry
55 silly mapToRegistry registry https://registry.npmjs.org/
56 silly mapToRegistry data Result {
56 silly mapToRegistry   raw: 'execsyncs',
56 silly mapToRegistry   scope: null,
56 silly mapToRegistry   escapedName: 'execsyncs',
56 silly mapToRegistry   name: 'execsyncs',
56 silly mapToRegistry   rawSpec: '',
56 silly mapToRegistry   spec: 'latest',
56 silly mapToRegistry   type: 'tag' }
57 silly mapToRegistry uri https://registry.npmjs.org/execsyncs
58 verbose addRemoteTarball https://registry.npmjs.org/execsyncs/-/execsyncs-0.1.1.tgz not in flight; adding
59 verbose addRemoteTarball [ 'https://registry.npmjs.org/execsyncs/-/execsyncs-0.1.1.tgz',
59 verbose addRemoteTarball   '0be684a995c5a9a573b9dabca1be8dc8c0cdce33' ]
60 info retry fetch attempt 1 at 00:29:21
61 info attempt registry request try #1 at 00:29:21
62 http fetch GET https://registry.npmjs.org/execsyncs/-/execsyncs-0.1.1.tgz
63 http fetch 200 https://registry.npmjs.org/execsyncs/-/execsyncs-0.1.1.tgz
64 silly fetchAndShaCheck shasum 0be684a995c5a9a573b9dabca1be8dc8c0cdce33
65 verbose addTmpTarball /var/folders/21/h2p8vr0553jb0csfn91jtlzh0000gn/T/npm-2430-f9cc804d/registry.npmjs.org/execsyncs/-/execsyncs-0.1.1.tgz not in flight; adding
66 verbose addTmpTarball already have metadata; skipping unpack for execsyncs@0.1.1
67 verbose correctMkdir /Users/suzukiryoma/.npm correctMkdir not in flight; initializing
68 silly cache afterAdd execsyncs@0.1.1
69 verbose afterAdd /Users/suzukiryoma/.npm/execsyncs/0.1.1/package/package.json not in flight; writing
70 verbose correctMkdir /Users/suzukiryoma/.npm correctMkdir not in flight; initializing
71 verbose afterAdd /Users/suzukiryoma/.npm/execsyncs/0.1.1/package/package.json written
72 silly fetchNamedPackageData nan
73 silly mapToRegistry name nan
74 silly mapToRegistry using default registry
75 silly mapToRegistry registry https://registry.npmjs.org/
76 silly mapToRegistry data Result {
76 silly mapToRegistry   raw: 'nan',
76 silly mapToRegistry   scope: null,
76 silly mapToRegistry   escapedName: 'nan',
76 silly mapToRegistry   name: 'nan',
76 silly mapToRegistry   rawSpec: '',
76 silly mapToRegistry   spec: 'latest',
76 silly mapToRegistry   type: 'tag' }
77 silly mapToRegistry uri https://registry.npmjs.org/nan
78 verbose request uri https://registry.npmjs.org/nan
79 verbose request no auth needed
80 info attempt registry request try #1 at 00:29:22
81 verbose etag "1YJEPM5V4XH0MZT0HV3B8R9BB"
82 http request GET https://registry.npmjs.org/nan
83 http 200 https://registry.npmjs.org/nan
84 verbose headers { server: 'CouchDB/1.6.1 (Erlang OTP/R16B03)',
84 verbose headers   etag: '"2QXFPVXUU9DUUTAACVV4FOU2Z"',
84 verbose headers   'content-type': 'application/json',
84 verbose headers   'content-encoding': 'gzip',
84 verbose headers   'cache-control': 'max-age=300',
84 verbose headers   'content-length': '17179',
84 verbose headers   'accept-ranges': 'bytes',
84 verbose headers   date: 'Tue, 25 Oct 2016 15:29:22 GMT',
84 verbose headers   via: '1.1 varnish',
84 verbose headers   age: '150',
84 verbose headers   connection: 'keep-alive',
84 verbose headers   'x-served-by': 'cache-nrt6132-NRT',
84 verbose headers   'x-cache': 'HIT',
84 verbose headers   'x-cache-hits': '1',
84 verbose headers   'x-timer': 'S1477409362.954432,VS0,VE0',
84 verbose headers   vary: 'Accept-Encoding' }
85 silly get cb [ 200,
85 silly get   { server: 'CouchDB/1.6.1 (Erlang OTP/R16B03)',
85 silly get     etag: '"2QXFPVXUU9DUUTAACVV4FOU2Z"',
85 silly get     'content-type': 'application/json',
85 silly get     'content-encoding': 'gzip',
85 silly get     'cache-control': 'max-age=300',
85 silly get     'content-length': '17179',
85 silly get     'accept-ranges': 'bytes',
85 silly get     date: 'Tue, 25 Oct 2016 15:29:22 GMT',
85 silly get     via: '1.1 varnish',
85 silly get     age: '150',
85 silly get     connection: 'keep-alive',
85 silly get     'x-served-by': 'cache-nrt6132-NRT',
85 silly get     'x-cache': 'HIT',
85 silly get     'x-cache-hits': '1',
85 silly get     'x-timer': 'S1477409362.954432,VS0,VE0',
85 silly get     vary: 'Accept-Encoding' } ]
86 verbose get saving nan to /Users/suzukiryoma/.npm/registry.npmjs.org/nan/.cache.json
87 verbose correctMkdir /Users/suzukiryoma/.npm correctMkdir not in flight; initializing
88 silly resolveWithNewModule nan@1.9.0 checking installable status
89 silly cache add args [ 'nan@^1.2.0', null ]
90 verbose cache add spec nan@^1.2.0
91 silly cache add parsed spec Result {
91 silly cache add   raw: 'nan@^1.2.0',
91 silly cache add   scope: null,
91 silly cache add   escapedName: 'nan',
91 silly cache add   name: 'nan',
91 silly cache add   rawSpec: '^1.2.0',
91 silly cache add   spec: '>=1.2.0 <2.0.0',
91 silly cache add   type: 'range' }
92 silly addNamed nan@>=1.2.0 <2.0.0
93 verbose addNamed ">=1.2.0 <2.0.0" is a valid semver range for nan
94 silly addNameRange { name: 'nan', range: '>=1.2.0 <2.0.0', hasData: false }
95 silly mapToRegistry name nan
96 silly mapToRegistry using default registry
97 silly mapToRegistry registry https://registry.npmjs.org/
98 silly mapToRegistry data Result {
98 silly mapToRegistry   raw: 'nan',
98 silly mapToRegistry   scope: null,
98 silly mapToRegistry   escapedName: 'nan',
98 silly mapToRegistry   name: 'nan',
98 silly mapToRegistry   rawSpec: '',
98 silly mapToRegistry   spec: 'latest',
98 silly mapToRegistry   type: 'tag' }
99 silly mapToRegistry uri https://registry.npmjs.org/nan
100 verbose addNameRange registry:https://registry.npmjs.org/nan not in flight; fetching
101 verbose get https://registry.npmjs.org/nan not expired, no request
102 silly addNameRange number 2 { name: 'nan', range: '>=1.2.0 <2.0.0', hasData: true }
103 silly addNameRange versions [ 'nan',
103 silly addNameRange   [ '0.3.0-wip',
103 silly addNameRange     '0.3.0-wip2',
103 silly addNameRange     '0.3.0',
103 silly addNameRange     '0.3.1',
103 silly addNameRange     '0.3.2',
103 silly addNameRange     '0.4.0',
103 silly addNameRange     '0.4.1',
103 silly addNameRange     '0.4.2',
103 silly addNameRange     '0.4.3',
103 silly addNameRange     '0.4.4',
103 silly addNameRange     '0.5.0',
103 silly addNameRange     '0.5.1',
103 silly addNameRange     '0.5.2',
103 silly addNameRange     '0.6.0',
103 silly addNameRange     '0.7.0',
103 silly addNameRange     '0.7.1',
103 silly addNameRange     '0.8.0',
103 silly addNameRange     '1.0.0',
103 silly addNameRange     '1.1.0',
103 silly addNameRange     '1.1.1',
103 silly addNameRange     '1.1.2',
103 silly addNameRange     '1.2.0',
103 silly addNameRange     '1.3.0',
103 silly addNameRange     '1.4.0',
103 silly addNameRange     '1.4.1',
103 silly addNameRange     '1.5.0',
103 silly addNameRange     '1.4.2',
103 silly addNameRange     '1.4.3',
103 silly addNameRange     '1.5.1',
103 silly addNameRange     '1.5.2',
103 silly addNameRange     '1.6.0',
103 silly addNameRange     '1.5.3',
103 silly addNameRange     '1.6.1',
103 silly addNameRange     '1.6.2',
103 silly addNameRange     '1.7.0',
103 silly addNameRange     '1.8.0',
103 silly addNameRange     '1.8.1',
103 silly addNameRange     '1.8.2',
103 silly addNameRange     '1.8.3',
103 silly addNameRange     '1.8.4',
103 silly addNameRange     '1.9.0',
103 silly addNameRange     '2.0.0',
103 silly addNameRange     '2.0.1',
103 silly addNameRange     '2.0.2',
103 silly addNameRange     '2.0.3',
103 silly addNameRange     '2.0.4',
103 silly addNameRange     '2.0.5',
103 silly addNameRange     '2.0.6',
103 silly addNameRange     '2.0.7',
103 silly addNameRange     '2.0.8',
103 silly addNameRange     '2.0.9',
103 silly addNameRange     '2.1.0',
103 silly addNameRange     '2.2.0',
103 silly addNameRange     '2.2.1',
103 silly addNameRange     '2.3.0',
103 silly addNameRange     '2.3.1',
103 silly addNameRange     '2.3.2',
103 silly addNameRange     '2.3.3',
103 silly addNameRange     '2.3.4',
103 silly addNameRange     '2.3.5',
103 silly addNameRange     '2.4.0' ] ]
104 silly addNamed nan@1.9.0
105 verbose addNamed "1.9.0" is a plain semver version for nan
106 silly mapToRegistry name nan
107 silly mapToRegistry using default registry
108 silly mapToRegistry registry https://registry.npmjs.org/
109 silly mapToRegistry data Result {
109 silly mapToRegistry   raw: 'nan',
109 silly mapToRegistry   scope: null,
109 silly mapToRegistry   escapedName: 'nan',
109 silly mapToRegistry   name: 'nan',
109 silly mapToRegistry   rawSpec: '',
109 silly mapToRegistry   spec: 'latest',
109 silly mapToRegistry   type: 'tag' }
110 silly mapToRegistry uri https://registry.npmjs.org/nan
111 verbose addRemoteTarball https://registry.npmjs.org/nan/-/nan-1.9.0.tgz not in flight; adding
112 verbose addRemoteTarball [ 'https://registry.npmjs.org/nan/-/nan-1.9.0.tgz',
112 verbose addRemoteTarball   '1a9cd2755609766f5c291e4194fce39fde286515' ]
113 info retry fetch attempt 1 at 00:29:22
114 info attempt registry request try #1 at 00:29:22
115 http fetch GET https://registry.npmjs.org/nan/-/nan-1.9.0.tgz
116 http fetch 200 https://registry.npmjs.org/nan/-/nan-1.9.0.tgz
117 silly fetchAndShaCheck shasum 1a9cd2755609766f5c291e4194fce39fde286515
118 verbose addTmpTarball /var/folders/21/h2p8vr0553jb0csfn91jtlzh0000gn/T/npm-2430-f9cc804d/registry.npmjs.org/nan/-/nan-1.9.0.tgz not in flight; adding
119 verbose addTmpTarball already have metadata; skipping unpack for nan@1.9.0
120 verbose correctMkdir /Users/suzukiryoma/.npm correctMkdir not in flight; initializing
121 silly cache afterAdd nan@1.9.0
122 verbose afterAdd /Users/suzukiryoma/.npm/nan/1.9.0/package/package.json not in flight; writing
123 verbose correctMkdir /Users/suzukiryoma/.npm correctMkdir not in flight; initializing
124 verbose afterAdd /Users/suzukiryoma/.npm/nan/1.9.0/package/package.json written
125 silly loadAllDepsIntoIdealTree Finishing
126 silly loadIdealTree Finishing
127 silly currentTree FirstApp@0.1.0
128 silly idealTree FirstApp@0.1.0
128 silly idealTree ├── execsyncs@0.1.1
128 silly idealTree └── nan@1.9.0
129 silly generateActionsToTake Starting
130 silly install generateActionsToTake
131 silly generateActionsToTake Finishing
132 silly diffTrees action count 2
133 silly diffTrees add nan@1.9.0
134 silly diffTrees add execsyncs@0.1.1
135 silly decomposeActions action count 16
136 silly decomposeActions fetch nan@1.9.0
137 silly decomposeActions extract nan@1.9.0
138 silly decomposeActions test nan@1.9.0
139 silly decomposeActions preinstall nan@1.9.0
140 silly decomposeActions build nan@1.9.0
141 silly decomposeActions install nan@1.9.0
142 silly decomposeActions postinstall nan@1.9.0
143 silly decomposeActions finalize nan@1.9.0
144 silly decomposeActions fetch execsyncs@0.1.1
145 silly decomposeActions extract execsyncs@0.1.1
146 silly decomposeActions test execsyncs@0.1.1
147 silly decomposeActions preinstall execsyncs@0.1.1
148 silly decomposeActions build execsyncs@0.1.1
149 silly decomposeActions install execsyncs@0.1.1
150 silly decomposeActions postinstall execsyncs@0.1.1
151 silly decomposeActions finalize execsyncs@0.1.1
152 silly executeActions Starting
153 silly install executeActions
154 silly doSerial global-install 0
155 silly doParallel fetch 2
156 verbose correctMkdir /Users/suzukiryoma/.npm/_locks correctMkdir not in flight; initializing
157 verbose lock using /Users/suzukiryoma/.npm/_locks/staging-827ff6b9753a8e79.lock for /Users/suzukiryoma/Documents/electronWork/src/node_modules/.staging
158 silly doParallel extract 2
159 silly extract nan@1.9.0
160 silly extract execsyncs@0.1.1
161 verbose unbuild node_modules/.staging/nan-496b8b10
162 verbose unbuild node_modules/.staging/execsyncs-7df34765
163 silly gentlyRm /Users/suzukiryoma/Documents/electronWork/src/node_modules/.staging/nan-496b8b10 is being purged from base /Users/suzukiryoma/Documents/electronWork/src
164 verbose gentlyRm don't care about contents; nuking /Users/suzukiryoma/Documents/electronWork/src/node_modules/.staging/nan-496b8b10
165 verbose tar unpack /Users/suzukiryoma/.npm/nan/1.9.0/package.tgz
166 verbose tar unpacking to /Users/suzukiryoma/Documents/electronWork/src/node_modules/.staging/nan-496b8b10
167 silly gentlyRm /Users/suzukiryoma/Documents/electronWork/src/node_modules/.staging/nan-496b8b10 is being purged
168 verbose gentlyRm don't care about contents; nuking /Users/suzukiryoma/Documents/electronWork/src/node_modules/.staging/nan-496b8b10
169 silly gentlyRm /Users/suzukiryoma/Documents/electronWork/src/node_modules/.staging/execsyncs-7df34765 is being purged from base /Users/suzukiryoma/Documents/electronWork/src
170 verbose gentlyRm don't care about contents; nuking /Users/suzukiryoma/Documents/electronWork/src/node_modules/.staging/execsyncs-7df34765
171 silly gunzTarPerm modes [ '755', '644' ]
172 verbose tar unpack /Users/suzukiryoma/.npm/execsyncs/0.1.1/package.tgz
173 verbose tar unpacking to /Users/suzukiryoma/Documents/electronWork/src/node_modules/.staging/execsyncs-7df34765
174 silly gentlyRm /Users/suzukiryoma/Documents/electronWork/src/node_modules/.staging/execsyncs-7df34765 is being purged
175 verbose gentlyRm don't care about contents; nuking /Users/suzukiryoma/Documents/electronWork/src/node_modules/.staging/execsyncs-7df34765
176 silly gunzTarPerm modes [ '755', '644' ]
177 silly gunzTarPerm extractEntry package.json
178 silly gunzTarPerm modified mode [ 'package.json', 436, 420 ]
179 silly gunzTarPerm extractEntry package.json
180 silly gunzTarPerm extractEntry README.md
181 silly gunzTarPerm modified mode [ 'README.md', 436, 420 ]
182 silly gunzTarPerm extractEntry .npmignore
183 silly gunzTarPerm extractEntry README.md
184 silly gunzTarPerm extractEntry include_dirs.js
185 silly gunzTarPerm modified mode [ 'include_dirs.js', 436, 420 ]
186 silly gunzTarPerm extractEntry execsync.js
187 silly gunzTarPerm extractEntry index.js
188 silly gunzTarPerm extractEntry LICENSE.md
189 silly gunzTarPerm modified mode [ 'LICENSE.md', 436, 420 ]
190 silly gunzTarPerm extractEntry .dntrc
191 silly gunzTarPerm modified mode [ '.dntrc', 436, 420 ]
192 silly gunzTarPerm extractEntry appveyor.yml
193 silly gunzTarPerm modified mode [ 'appveyor.yml', 436, 420 ]
194 silly gunzTarPerm extractEntry nan.h
195 silly gunzTarPerm modified mode [ 'nan.h', 436, 420 ]
196 silly gunzTarPerm extractEntry nan_implementation_12_inl.h
197 silly gunzTarPerm modified mode [ 'nan_implementation_12_inl.h', 436, 420 ]
198 silly gunzTarPerm extractEntry nan_implementation_pre_12_inl.h
199 silly gunzTarPerm modified mode [ 'nan_implementation_pre_12_inl.h', 436, 420 ]
200 silly gunzTarPerm extractEntry .travis.yml
201 silly gunzTarPerm extractEntry binding.gyp
202 silly gunzTarPerm extractEntry nan_new.h
203 silly gunzTarPerm modified mode [ 'nan_new.h', 436, 420 ]
204 silly gunzTarPerm extractEntry nan_string_bytes.h
205 silly gunzTarPerm modified mode [ 'nan_string_bytes.h', 436, 420 ]
206 silly gunzTarPerm extractEntry execsync.cc
207 silly gunzTarPerm extractEntry test/test_execSync.js
208 silly gunzTarPerm extractEntry CHANGELOG.md
209 silly gunzTarPerm modified mode [ 'CHANGELOG.md', 436, 420 ]
210 silly gunzTarPerm extractEntry tools/node_modules/commander/package.json
211 silly gunzTarPerm modified mode [ 'tools/node_modules/commander/package.json', 436, 420 ]
212 silly gunzTarPerm extractEntry tools/node_modules/commander/LICENSE
213 silly gunzTarPerm modified mode [ 'tools/node_modules/commander/LICENSE', 436, 420 ]
214 silly gunzTarPerm extractEntry tools/node_modules/commander/index.js
215 silly gunzTarPerm modified mode [ 'tools/node_modules/commander/index.js', 436, 420 ]
216 silly gunzTarPerm extractEntry tools/node_modules/commander/History.md
217 silly gunzTarPerm modified mode [ 'tools/node_modules/commander/History.md', 436, 420 ]
218 silly gunzTarPerm extractEntry tools/node_modules/commander/Readme.md
219 silly gunzTarPerm modified mode [ 'tools/node_modules/commander/Readme.md', 436, 420 ]
220 silly gunzTarPerm extractEntry tools/node_modules/commander/node_modules/graceful-readlink/package.json
221 silly gunzTarPerm modified mode [ 'tools/node_modules/commander/node_modules/graceful-readlink/package.json',
221 silly gunzTarPerm   436,
221 silly gunzTarPerm   420 ]
222 silly gunzTarPerm extractEntry tools/node_modules/commander/node_modules/graceful-readlink/.npmignore
223 silly gunzTarPerm modified mode [ 'tools/node_modules/commander/node_modules/graceful-readlink/.npmignore',
223 silly gunzTarPerm   436,
223 silly gunzTarPerm   420 ]
224 silly gunzTarPerm extractEntry tools/node_modules/commander/node_modules/graceful-readlink/README.md
225 silly gunzTarPerm modified mode [ 'tools/node_modules/commander/node_modules/graceful-readlink/README.md',
225 silly gunzTarPerm   436,
225 silly gunzTarPerm   420 ]
226 silly gunzTarPerm extractEntry tools/node_modules/commander/node_modules/graceful-readlink/LICENSE
227 silly gunzTarPerm modified mode [ 'tools/node_modules/commander/node_modules/graceful-readlink/LICENSE',
227 silly gunzTarPerm   436,
227 silly gunzTarPerm   420 ]
228 silly gunzTarPerm extractEntry tools/node_modules/commander/node_modules/graceful-readlink/index.js
229 silly gunzTarPerm modified mode [ 'tools/node_modules/commander/node_modules/graceful-readlink/index.js',
229 silly gunzTarPerm   436,
229 silly gunzTarPerm   420 ]
230 silly gunzTarPerm extractEntry tools/node_modules/commander/node_modules/graceful-readlink/.travis.yml
231 silly gunzTarPerm modified mode [ 'tools/node_modules/commander/node_modules/graceful-readlink/.travis.yml',
231 silly gunzTarPerm   436,
231 silly gunzTarPerm   420 ]
232 silly gunzTarPerm extractEntry tools/node_modules/glob/package.json
233 silly gunzTarPerm modified mode [ 'tools/node_modules/glob/package.json', 436, 420 ]
234 silly gunzTarPerm extractEntry tools/node_modules/glob/README.md
235 silly gunzTarPerm modified mode [ 'tools/node_modules/glob/README.md', 436, 420 ]
236 silly gunzTarPerm extractEntry tools/node_modules/glob/LICENSE
237 silly gunzTarPerm modified mode [ 'tools/node_modules/glob/LICENSE', 436, 420 ]
238 silly gunzTarPerm extractEntry tools/node_modules/glob/common.js
239 silly gunzTarPerm modified mode [ 'tools/node_modules/glob/common.js', 436, 420 ]
240 silly gunzTarPerm extractEntry tools/node_modules/glob/glob.js
241 silly gunzTarPerm modified mode [ 'tools/node_modules/glob/glob.js', 436, 420 ]
242 silly gentlyRm /Users/suzukiryoma/Documents/electronWork/src/node_modules/.staging/execsyncs-7df34765/node_modules is being purged
243 verbose gentlyRm don't care about contents; nuking /Users/suzukiryoma/Documents/electronWork/src/node_modules/.staging/execsyncs-7df34765/node_modules
244 silly gunzTarPerm extractEntry tools/node_modules/glob/sync.js
245 silly gunzTarPerm modified mode [ 'tools/node_modules/glob/sync.js', 436, 420 ]
246 silly gunzTarPerm extractEntry tools/node_modules/glob/node_modules/inflight/package.json
247 silly gunzTarPerm modified mode [ 'tools/node_modules/glob/node_modules/inflight/package.json',
247 silly gunzTarPerm   436,
247 silly gunzTarPerm   420 ]
248 silly gunzTarPerm extractEntry tools/node_modules/glob/node_modules/inflight/README.md
249 silly gunzTarPerm modified mode [ 'tools/node_modules/glob/node_modules/inflight/README.md',
249 silly gunzTarPerm   436,
249 silly gunzTarPerm   420 ]
250 silly gunzTarPerm extractEntry tools/node_modules/glob/node_modules/inflight/LICENSE
251 silly gunzTarPerm modified mode [ 'tools/node_modules/glob/node_modules/inflight/LICENSE',
251 silly gunzTarPerm   436,
251 silly gunzTarPerm   420 ]
252 silly gunzTarPerm extractEntry tools/node_modules/glob/node_modules/inflight/inflight.js
253 silly gunzTarPerm modified mode [ 'tools/node_modules/glob/node_modules/inflight/inflight.js',
253 silly gunzTarPerm   436,
253 silly gunzTarPerm   420 ]
254 silly gunzTarPerm extractEntry tools/node_modules/glob/node_modules/inflight/test.js
255 silly gunzTarPerm modified mode [ 'tools/node_modules/glob/node_modules/inflight/test.js',
255 silly gunzTarPerm   436,
255 silly gunzTarPerm   420 ]
256 silly gunzTarPerm extractEntry tools/node_modules/glob/node_modules/inflight/.eslintrc
257 silly gunzTarPerm modified mode [ 'tools/node_modules/glob/node_modules/inflight/.eslintrc',
257 silly gunzTarPerm   436,
257 silly gunzTarPerm   420 ]
258 silly gunzTarPerm extractEntry tools/node_modules/glob/node_modules/inflight/node_modules/wrappy/package.json
259 silly gunzTarPerm modified mode [ 'tools/node_modules/glob/node_modules/inflight/node_modules/wrappy/package.json',
259 silly gunzTarPerm   436,
259 silly gunzTarPerm   420 ]
260 silly gunzTarPerm extractEntry tools/node_modules/glob/node_modules/inflight/node_modules/wrappy/README.md
261 silly gunzTarPerm modified mode [ 'tools/node_modules/glob/node_modules/inflight/node_modules/wrappy/README.md',
261 silly gunzTarPerm   436,
261 silly gunzTarPerm   420 ]
262 silly gunzTarPerm extractEntry tools/node_modules/glob/node_modules/inflight/node_modules/wrappy/LICENSE
263 silly gunzTarPerm modified mode [ 'tools/node_modules/glob/node_modules/inflight/node_modules/wrappy/LICENSE',
263 silly gunzTarPerm   436,
263 silly gunzTarPerm   420 ]
264 silly gunzTarPerm extractEntry tools/node_modules/glob/node_modules/inflight/node_modules/wrappy/wrappy.js
265 silly gunzTarPerm modified mode [ 'tools/node_modules/glob/node_modules/inflight/node_modules/wrappy/wrappy.js',
265 silly gunzTarPerm   436,
265 silly gunzTarPerm   420 ]
266 silly gunzTarPerm extractEntry tools/node_modules/glob/node_modules/inflight/node_modules/wrappy/test/basic.js
267 silly gunzTarPerm modified mode [ 'tools/node_modules/glob/node_modules/inflight/node_modules/wrappy/test/basic.js',
267 silly gunzTarPerm   436,
267 silly gunzTarPerm   420 ]
268 silly gunzTarPerm extractEntry tools/node_modules/glob/node_modules/inherits/package.json
269 silly gunzTarPerm modified mode [ 'tools/node_modules/glob/node_modules/inherits/package.json',
269 silly gunzTarPerm   436,
269 silly gunzTarPerm   420 ]
270 silly gunzTarPerm extractEntry tools/node_modules/glob/node_modules/inherits/README.md
271 silly gunzTarPerm modified mode [ 'tools/node_modules/glob/node_modules/inherits/README.md',
271 silly gunzTarPerm   436,
271 silly gunzTarPerm   420 ]
272 silly gunzTarPerm extractEntry tools/node_modules/glob/node_modules/inherits/LICENSE
273 silly gunzTarPerm modified mode [ 'tools/node_modules/glob/node_modules/inherits/LICENSE',
273 silly gunzTarPerm   436,
273 silly gunzTarPerm   420 ]
274 silly gunzTarPerm extractEntry tools/node_modules/glob/node_modules/inherits/inherits.js
275 silly gunzTarPerm modified mode [ 'tools/node_modules/glob/node_modules/inherits/inherits.js',
275 silly gunzTarPerm   436,
275 silly gunzTarPerm   420 ]
276 silly gunzTarPerm extractEntry tools/node_modules/glob/node_modules/inherits/inherits_browser.js
277 silly gunzTarPerm modified mode [ 'tools/node_modules/glob/node_modules/inherits/inherits_browser.js',
277 silly gunzTarPerm   436,
277 silly gunzTarPerm   420 ]
278 silly gunzTarPerm extractEntry tools/node_modules/glob/node_modules/inherits/test.js
279 silly gunzTarPerm modified mode [ 'tools/node_modules/glob/node_modules/inherits/test.js',
279 silly gunzTarPerm   436,
279 silly gunzTarPerm   420 ]
280 silly gunzTarPerm extractEntry tools/node_modules/glob/node_modules/minimatch/package.json
281 silly gunzTarPerm modified mode [ 'tools/node_modules/glob/node_modules/minimatch/package.json',
281 silly gunzTarPerm   436,
281 silly gunzTarPerm   420 ]
282 silly gunzTarPerm extractEntry tools/node_modules/glob/node_modules/minimatch/README.md
283 silly gunzTarPerm modified mode [ 'tools/node_modules/glob/node_modules/minimatch/README.md',
283 silly gunzTarPerm   436,
283 silly gunzTarPerm   420 ]
284 silly gunzTarPerm extractEntry tools/node_modules/glob/node_modules/minimatch/LICENSE
285 silly gunzTarPerm modified mode [ 'tools/node_modules/glob/node_modules/minimatch/LICENSE',
285 silly gunzTarPerm   436,
285 silly gunzTarPerm   420 ]
286 silly gunzTarPerm extractEntry tools/node_modules/glob/node_modules/minimatch/browser.js
287 silly gunzTarPerm modified mode [ 'tools/node_modules/glob/node_modules/minimatch/browser.js',
287 silly gunzTarPerm   436,
287 silly gunzTarPerm   420 ]
288 silly gunzTarPerm extractEntry tools/node_modules/glob/node_modules/minimatch/minimatch.js
289 silly gunzTarPerm modified mode [ 'tools/node_modules/glob/node_modules/minimatch/minimatch.js',
289 silly gunzTarPerm   436,
289 silly gunzTarPerm   420 ]
290 silly gunzTarPerm extractEntry tools/node_modules/glob/node_modules/minimatch/node_modules/brace-expansion/package.json
291 silly gunzTarPerm modified mode [ 'tools/node_modules/glob/node_modules/minimatch/node_modules/brace-expansion/package.json',
291 silly gunzTarPerm   436,
291 silly gunzTarPerm   420 ]
292 silly gunzTarPerm extractEntry tools/node_modules/glob/node_modules/minimatch/node_modules/brace-expansion/.npmignore
293 silly gunzTarPerm modified mode [ 'tools/node_modules/glob/node_modules/minimatch/node_modules/brace-expansion/.npmignore',
293 silly gunzTarPerm   436,
293 silly gunzTarPerm   420 ]
294 silly gunzTarPerm extractEntry tools/node_modules/glob/node_modules/minimatch/node_modules/brace-expansion/README.md
295 silly gunzTarPerm modified mode [ 'tools/node_modules/glob/node_modules/minimatch/node_modules/brace-expansion/README.md',
295 silly gunzTarPerm   436,
295 silly gunzTarPerm   420 ]
296 silly gunzTarPerm extractEntry tools/node_modules/glob/node_modules/minimatch/node_modules/brace-expansion/example.js
297 silly gunzTarPerm modified mode [ 'tools/node_modules/glob/node_modules/minimatch/node_modules/brace-expansion/example.js',
297 silly gunzTarPerm   436,
297 silly gunzTarPerm   420 ]
298 silly gunzTarPerm extractEntry tools/node_modules/glob/node_modules/minimatch/node_modules/brace-expansion/index.js
299 silly gunzTarPerm modified mode [ 'tools/node_modules/glob/node_modules/minimatch/node_modules/brace-expansion/index.js',
299 silly gunzTarPerm   436,
299 silly gunzTarPerm   420 ]
300 silly gunzTarPerm extractEntry tools/node_modules/glob/node_modules/minimatch/node_modules/brace-expansion/.travis.yml
301 silly gunzTarPerm modified mode [ 'tools/node_modules/glob/node_modules/minimatch/node_modules/brace-expansion/.travis.yml',
301 silly gunzTarPerm   436,
301 silly gunzTarPerm   420 ]
302 silly gunzTarPerm extractEntry tools/node_modules/glob/node_modules/minimatch/node_modules/brace-expansion/test/bash-comparison.js
303 silly gunzTarPerm modified mode [ 'tools/node_modules/glob/node_modules/minimatch/node_modules/brace-expansion/test/bash-comparison.js',
303 silly gunzTarPerm   436,
303 silly gunzTarPerm   420 ]
304 silly gunzTarPerm extractEntry tools/node_modules/glob/node_modules/minimatch/node_modules/brace-expansion/test/same-type.js
305 silly gunzTarPerm modified mode [ 'tools/node_modules/glob/node_modules/minimatch/node_modules/brace-expansion/test/same-type.js',
305 silly gunzTarPerm   436,
305 silly gunzTarPerm   420 ]
306 silly gunzTarPerm extractEntry tools/node_modules/glob/node_modules/minimatch/node_modules/brace-expansion/test/dollar.js
307 silly gunzTarPerm modified mode [ 'tools/node_modules/glob/node_modules/minimatch/node_modules/brace-expansion/test/dollar.js',
307 silly gunzTarPerm   436,
307 silly gunzTarPerm   420 ]
308 silly gunzTarPerm extractEntry tools/node_modules/glob/node_modules/minimatch/node_modules/brace-expansion/test/empty-option.js
309 silly gunzTarPerm modified mode [ 'tools/node_modules/glob/node_modules/minimatch/node_modules/brace-expansion/test/empty-option.js',
309 silly gunzTarPerm   436,
309 silly gunzTarPerm   420 ]
310 silly gunzTarPerm extractEntry tools/node_modules/glob/node_modules/minimatch/node_modules/brace-expansion/test/pad.js
311 silly gunzTarPerm modified mode [ 'tools/node_modules/glob/node_modules/minimatch/node_modules/brace-expansion/test/pad.js',
311 silly gunzTarPerm   436,
311 silly gunzTarPerm   420 ]
312 silly gunzTarPerm extractEntry tools/node_modules/glob/node_modules/minimatch/node_modules/brace-expansion/test/order.js
313 silly gunzTarPerm modified mode [ 'tools/node_modules/glob/node_modules/minimatch/node_modules/brace-expansion/test/order.js',
313 silly gunzTarPerm   436,
313 silly gunzTarPerm   420 ]
314 silly gunzTarPerm extractEntry tools/node_modules/glob/node_modules/minimatch/node_modules/brace-expansion/test/nested.js
315 silly gunzTarPerm modified mode [ 'tools/node_modules/glob/node_modules/minimatch/node_modules/brace-expansion/test/nested.js',
315 silly gunzTarPerm   436,
315 silly gunzTarPerm   420 ]
316 silly gunzTarPerm extractEntry tools/node_modules/glob/node_modules/minimatch/node_modules/brace-expansion/test/sequence.js
317 silly gunzTarPerm modified mode [ 'tools/node_modules/glob/node_modules/minimatch/node_modules/brace-expansion/test/sequence.js',
317 silly gunzTarPerm   436,
317 silly gunzTarPerm   420 ]
318 silly gunzTarPerm extractEntry tools/node_modules/glob/node_modules/minimatch/node_modules/brace-expansion/test/negative-increment.js
319 silly gunzTarPerm modified mode [ 'tools/node_modules/glob/node_modules/minimatch/node_modules/brace-expansion/test/negative-increment.js',
319 silly gunzTarPerm   436,
319 silly gunzTarPerm   420 ]
320 silly gunzTarPerm extractEntry tools/node_modules/glob/node_modules/minimatch/node_modules/brace-expansion/test/bash-results.txt
321 silly gunzTarPerm modified mode [ 'tools/node_modules/glob/node_modules/minimatch/node_modules/brace-expansion/test/bash-results.txt',
321 silly gunzTarPerm   436,
321 silly gunzTarPerm   420 ]
322 silly gunzTarPerm extractEntry tools/node_modules/glob/node_modules/minimatch/node_modules/brace-expansion/test/generate.sh
323 silly gunzTarPerm modified mode [ 'tools/node_modules/glob/node_modules/minimatch/node_modules/brace-expansion/test/generate.sh',
323 silly gunzTarPerm   436,
323 silly gunzTarPerm   420 ]
324 silly gunzTarPerm extractEntry tools/node_modules/glob/node_modules/minimatch/node_modules/brace-expansion/test/cases.txt
325 silly gunzTarPerm modified mode [ 'tools/node_modules/glob/node_modules/minimatch/node_modules/brace-expansion/test/cases.txt',
325 silly gunzTarPerm   436,
325 silly gunzTarPerm   420 ]
326 silly gunzTarPerm extractEntry tools/node_modules/glob/node_modules/minimatch/node_modules/brace-expansion/node_modules/balanced-match/package.json
327 silly gunzTarPerm modified mode [ 'tools/node_modules/glob/node_modules/minimatch/node_modules/brace-expansion/node_modules/balanced-match/package.json',
327 silly gunzTarPerm   436,
327 silly gunzTarPerm   420 ]
328 silly gunzTarPerm extractEntry tools/node_modules/glob/node_modules/minimatch/node_modules/brace-expansion/node_modules/balanced-match/.npmignore
329 silly gunzTarPerm modified mode [ 'tools/node_modules/glob/node_modules/minimatch/node_modules/brace-expansion/node_modules/balanced-match/.npmignore',
329 silly gunzTarPerm   436,
329 silly gunzTarPerm   420 ]
330 silly gunzTarPerm extractEntry tools/node_modules/glob/node_modules/minimatch/node_modules/brace-expansion/node_modules/balanced-match/README.md
331 silly gunzTarPerm modified mode [ 'tools/node_modules/glob/node_modules/minimatch/node_modules/brace-expansion/node_modules/balanced-match/README.md',
331 silly gunzTarPerm   436,
331 silly gunzTarPerm   420 ]
332 silly gunzTarPerm extractEntry tools/node_modules/glob/node_modules/minimatch/node_modules/brace-expansion/node_modules/balanced-match/example.js
333 silly gunzTarPerm modified mode [ 'tools/node_modules/glob/node_modules/minimatch/node_modules/brace-expansion/node_modules/balanced-match/example.js',
333 silly gunzTarPerm   436,
333 silly gunzTarPerm   420 ]
334 silly gunzTarPerm extractEntry tools/node_modules/glob/node_modules/minimatch/node_modules/brace-expansion/node_modules/balanced-match/index.js
335 silly gunzTarPerm modified mode [ 'tools/node_modules/glob/node_modules/minimatch/node_modules/brace-expansion/node_modules/balanced-match/index.js',
335 silly gunzTarPerm   436,
335 silly gunzTarPerm   420 ]
336 silly gunzTarPerm extractEntry tools/node_modules/glob/node_modules/minimatch/node_modules/brace-expansion/node_modules/balanced-match/.travis.yml
337 silly gunzTarPerm modified mode [ 'tools/node_modules/glob/node_modules/minimatch/node_modules/brace-expansion/node_modules/balanced-match/.travis.yml',
337 silly gunzTarPerm   436,
337 silly gunzTarPerm   420 ]
338 silly gunzTarPerm extractEntry tools/node_modules/glob/node_modules/minimatch/node_modules/brace-expansion/node_modules/balanced-match/Makefile
339 silly gunzTarPerm modified mode [ 'tools/node_modules/glob/node_modules/minimatch/node_modules/brace-expansion/node_modules/balanced-match/Makefile',
339 silly gunzTarPerm   436,
339 silly gunzTarPerm   420 ]
340 silly gunzTarPerm extractEntry tools/node_modules/glob/node_modules/minimatch/node_modules/brace-expansion/node_modules/balanced-match/test/balanced.js
341 silly gunzTarPerm modified mode [ 'tools/node_modules/glob/node_modules/minimatch/node_modules/brace-expansion/node_modules/balanced-match/test/balanced.js',
341 silly gunzTarPerm   436,
341 silly gunzTarPerm   420 ]
342 silly gunzTarPerm extractEntry tools/node_modules/glob/node_modules/minimatch/node_modules/brace-expansion/node_modules/concat-map/package.json
343 silly gunzTarPerm modified mode [ 'tools/node_modules/glob/node_modules/minimatch/node_modules/brace-expansion/node_modules/concat-map/package.json',
343 silly gunzTarPerm   436,
343 silly gunzTarPerm   420 ]
344 silly gunzTarPerm extractEntry tools/node_modules/glob/node_modules/minimatch/node_modules/brace-expansion/node_modules/concat-map/LICENSE
345 silly gunzTarPerm modified mode [ 'tools/node_modules/glob/node_modules/minimatch/node_modules/brace-expansion/node_modules/concat-map/LICENSE',
345 silly gunzTarPerm   436,
345 silly gunzTarPerm   420 ]
346 silly gunzTarPerm extractEntry tools/node_modules/glob/node_modules/minimatch/node_modules/brace-expansion/node_modules/concat-map/index.js
347 silly gunzTarPerm modified mode [ 'tools/node_modules/glob/node_modules/minimatch/node_modules/brace-expansion/node_modules/concat-map/index.js',
347 silly gunzTarPerm   436,
347 silly gunzTarPerm   420 ]
348 silly gunzTarPerm extractEntry tools/node_modules/glob/node_modules/minimatch/node_modules/brace-expansion/node_modules/concat-map/.travis.yml
349 silly gunzTarPerm modified mode [ 'tools/node_modules/glob/node_modules/minimatch/node_modules/brace-expansion/node_modules/concat-map/.travis.yml',
349 silly gunzTarPerm   436,
349 silly gunzTarPerm   420 ]
350 silly gunzTarPerm extractEntry tools/node_modules/glob/node_modules/minimatch/node_modules/brace-expansion/node_modules/concat-map/README.markdown
351 silly gunzTarPerm modified mode [ 'tools/node_modules/glob/node_modules/minimatch/node_modules/brace-expansion/node_modules/concat-map/README.markdown',
351 silly gunzTarPerm   436,
351 silly gunzTarPerm   420 ]
352 silly gunzTarPerm extractEntry tools/node_modules/glob/node_modules/minimatch/node_modules/brace-expansion/node_modules/concat-map/example/map.js
353 silly gunzTarPerm modified mode [ 'tools/node_modules/glob/node_modules/minimatch/node_modules/brace-expansion/node_modules/concat-map/example/map.js',
353 silly gunzTarPerm   436,
353 silly gunzTarPerm   420 ]
354 silly gunzTarPerm extractEntry tools/node_modules/glob/node_modules/minimatch/node_modules/brace-expansion/node_modules/concat-map/test/map.js
355 silly gunzTarPerm modified mode [ 'tools/node_modules/glob/node_modules/minimatch/node_modules/brace-expansion/node_modules/concat-map/test/map.js',
355 silly gunzTarPerm   436,
355 silly gunzTarPerm   420 ]
356 silly gunzTarPerm extractEntry tools/node_modules/glob/node_modules/once/package.json
357 silly gunzTarPerm modified mode [ 'tools/node_modules/glob/node_modules/once/package.json',
357 silly gunzTarPerm   436,
357 silly gunzTarPerm   420 ]
358 silly gunzTarPerm extractEntry tools/node_modules/glob/node_modules/once/README.md
359 silly gunzTarPerm modified mode [ 'tools/node_modules/glob/node_modules/once/README.md',
359 silly gunzTarPerm   436,
359 silly gunzTarPerm   420 ]
360 silly gunzTarPerm extractEntry tools/node_modules/glob/node_modules/once/LICENSE
361 silly gunzTarPerm modified mode [ 'tools/node_modules/glob/node_modules/once/LICENSE', 436, 420 ]
362 silly gunzTarPerm extractEntry tools/node_modules/glob/node_modules/once/once.js
363 silly gunzTarPerm modified mode [ 'tools/node_modules/glob/node_modules/once/once.js', 436, 420 ]
364 silly gunzTarPerm extractEntry tools/node_modules/glob/node_modules/once/test/once.js
365 silly gunzTarPerm modified mode [ 'tools/node_modules/glob/node_modules/once/test/once.js',
365 silly gunzTarPerm   436,
365 silly gunzTarPerm   420 ]
366 silly gunzTarPerm extractEntry tools/node_modules/glob/node_modules/once/node_modules/wrappy/package.json
367 silly gunzTarPerm modified mode [ 'tools/node_modules/glob/node_modules/once/node_modules/wrappy/package.json',
367 silly gunzTarPerm   436,
367 silly gunzTarPerm   420 ]
368 silly gunzTarPerm extractEntry tools/node_modules/glob/node_modules/once/node_modules/wrappy/README.md
369 silly gunzTarPerm modified mode [ 'tools/node_modules/glob/node_modules/once/node_modules/wrappy/README.md',
369 silly gunzTarPerm   436,
369 silly gunzTarPerm   420 ]
370 silly gunzTarPerm extractEntry tools/node_modules/glob/node_modules/once/node_modules/wrappy/LICENSE
371 silly gunzTarPerm modified mode [ 'tools/node_modules/glob/node_modules/once/node_modules/wrappy/LICENSE',
371 silly gunzTarPerm   436,
371 silly gunzTarPerm   420 ]
372 silly gunzTarPerm extractEntry tools/node_modules/glob/node_modules/once/node_modules/wrappy/wrappy.js
373 silly gunzTarPerm modified mode [ 'tools/node_modules/glob/node_modules/once/node_modules/wrappy/wrappy.js',
373 silly gunzTarPerm   436,
373 silly gunzTarPerm   420 ]
374 silly gunzTarPerm extractEntry tools/node_modules/glob/node_modules/once/node_modules/wrappy/test/basic.js
375 silly gunzTarPerm modified mode [ 'tools/node_modules/glob/node_modules/once/node_modules/wrappy/test/basic.js',
375 silly gunzTarPerm   436,
375 silly gunzTarPerm   420 ]
376 silly gunzTarPerm extractEntry tools/node_modules/glob/node_modules/path-is-absolute/package.json
377 silly gunzTarPerm modified mode [ 'tools/node_modules/glob/node_modules/path-is-absolute/package.json',
377 silly gunzTarPerm   436,
377 silly gunzTarPerm   420 ]
378 silly gunzTarPerm extractEntry tools/node_modules/glob/node_modules/path-is-absolute/index.js
379 silly gunzTarPerm modified mode [ 'tools/node_modules/glob/node_modules/path-is-absolute/index.js',
379 silly gunzTarPerm   436,
379 silly gunzTarPerm   420 ]
380 silly gunzTarPerm extractEntry tools/node_modules/glob/node_modules/path-is-absolute/license
381 silly gunzTarPerm modified mode [ 'tools/node_modules/glob/node_modules/path-is-absolute/license',
381 silly gunzTarPerm   436,
381 silly gunzTarPerm   420 ]
382 silly gunzTarPerm extractEntry tools/node_modules/glob/node_modules/path-is-absolute/readme.md
383 silly gunzTarPerm modified mode [ 'tools/node_modules/glob/node_modules/path-is-absolute/readme.md',
383 silly gunzTarPerm   436,
383 silly gunzTarPerm   420 ]
384 silly gentlyRm /Users/suzukiryoma/Documents/electronWork/src/node_modules/.staging/nan-496b8b10/node_modules is being purged
385 verbose gentlyRm don't care about contents; nuking /Users/suzukiryoma/Documents/electronWork/src/node_modules/.staging/nan-496b8b10/node_modules
386 silly doParallel preinstall 2
387 silly preinstall nan@1.9.0 /Users/suzukiryoma/Documents/electronWork/src/node_modules/.staging/nan-496b8b10
388 info lifecycle nan@1.9.0~preinstall: nan@1.9.0
389 silly preinstall execsyncs@0.1.1 /Users/suzukiryoma/Documents/electronWork/src/node_modules/.staging/execsyncs-7df34765
390 info lifecycle execsyncs@0.1.1~preinstall: execsyncs@0.1.1
391 silly lifecycle nan@1.9.0~preinstall: no script for preinstall, continuing
392 silly lifecycle execsyncs@0.1.1~preinstall: no script for preinstall, continuing
393 silly doReverseSerial remove 0
394 silly doSerial move 0
395 silly doSerial finalize 2
396 silly finalize /Users/suzukiryoma/Documents/electronWork/src/node_modules/nan
397 silly finalize /Users/suzukiryoma/Documents/electronWork/src/node_modules/execsyncs
398 silly doSerial build 2
399 silly build nan@1.9.0
400 info linkStuff nan@1.9.0
401 silly linkStuff nan@1.9.0 has /Users/suzukiryoma/Documents/electronWork/src/node_modules as its parent node_modules
402 verbose linkBins nan@1.9.0
403 verbose linkMans nan@1.9.0
404 silly build execsyncs@0.1.1
405 info linkStuff execsyncs@0.1.1
406 silly linkStuff execsyncs@0.1.1 has /Users/suzukiryoma/Documents/electronWork/src/node_modules as its parent node_modules
407 verbose linkBins execsyncs@0.1.1
408 verbose linkMans execsyncs@0.1.1
409 silly doSerial global-link 0
410 silly doParallel update-linked 0
411 silly doSerial install 2
412 silly install nan@1.9.0 /Users/suzukiryoma/Documents/electronWork/src/node_modules/.staging/nan-496b8b10
413 info lifecycle nan@1.9.0~install: nan@1.9.0
414 silly lifecycle nan@1.9.0~install: no script for install, continuing
415 silly install execsyncs@0.1.1 /Users/suzukiryoma/Documents/electronWork/src/node_modules/.staging/execsyncs-7df34765
416 info lifecycle execsyncs@0.1.1~install: execsyncs@0.1.1
417 verbose lifecycle execsyncs@0.1.1~install: unsafe-perm in lifecycle true
418 verbose lifecycle execsyncs@0.1.1~install: PATH: /usr/local/lib/node_modules/npm/bin/node-gyp-bin:/Users/suzukiryoma/Documents/electronWork/src/node_modules/execsyncs/node_modules/.bin:/Users/suzukiryoma/Documents/electronWork/src/node_modules/.bin:/usr/local/bin:/usr/bin:/bin:/usr/sbin:/sbin:/usr/local/bin:/opt/X11/bin
419 verbose lifecycle execsyncs@0.1.1~install: CWD: /Users/suzukiryoma/Documents/electronWork/src/node_modules/execsyncs
420 silly lifecycle execsyncs@0.1.1~install: Args: [ '-c', 'node-gyp rebuild' ]
421 silly lifecycle execsyncs@0.1.1~install: Returned: code: 1  signal: null
422 info lifecycle execsyncs@0.1.1~install: Failed to exec install script
423 verbose unlock done using /Users/suzukiryoma/.npm/_locks/staging-827ff6b9753a8e79.lock for /Users/suzukiryoma/Documents/electronWork/src/node_modules/.staging
424 silly rollbackFailedOptional Starting
425 silly rollbackFailedOptional Finishing
426 silly runTopLevelLifecycles Starting
427 silly runTopLevelLifecycles Finishing
428 silly install printInstalled
429 warn FirstApp@0.1.0 No description
430 warn FirstApp@0.1.0 No repository field.
431 warn FirstApp@0.1.0 No license field.
432 verbose stack Error: execsyncs@0.1.1 install: `node-gyp rebuild`
432 verbose stack Exit status 1
432 verbose stack     at EventEmitter.<anonymous> (/usr/local/lib/node_modules/npm/lib/utils/lifecycle.js:242:16)
432 verbose stack     at emitTwo (events.js:106:13)
432 verbose stack     at EventEmitter.emit (events.js:191:7)
432 verbose stack     at ChildProcess.<anonymous> (/usr/local/lib/node_modules/npm/lib/utils/spawn.js:40:14)
432 verbose stack     at emitTwo (events.js:106:13)
432 verbose stack     at ChildProcess.emit (events.js:191:7)
432 verbose stack     at maybeClose (internal/child_process.js:852:16)
432 verbose stack     at Process.ChildProcess._handle.onexit (internal/child_process.js:215:5)
433 verbose pkgid execsyncs@0.1.1
434 verbose cwd /Users/suzukiryoma/Documents/electronWork/src
435 error Darwin 15.5.0
436 error argv "/usr/local/bin/node" "/usr/local/bin/npm" "install" "execsyncs"
437 error node v6.3.1
438 error npm  v3.10.3
439 error code ELIFECYCLE
440 error execsyncs@0.1.1 install: `node-gyp rebuild`
440 error Exit status 1
441 error Failed at the execsyncs@0.1.1 install script 'node-gyp rebuild'.
441 error Make sure you have the latest version of node.js and npm installed.
441 error If you do, this is most likely a problem with the execsyncs package,
441 error not with npm itself.
441 error Tell the author that this fails on your system:
441 error     node-gyp rebuild
441 error You can get information on how to open an issue for this project with:
441 error     npm bugs execsyncs
441 error Or if that isn't available, you can get their info via:
441 error     npm owner ls execsyncs
441 error There is likely additional logging output above.
442 verbose exit [ 1, true ]
